Starting TestApplication using Java 13.0.2 on DESKTOP-JIALDFV with PID 904 (C:\Users\milijevic\Desktop\github udd\udd\target\classes started by milijevic in C:\Users\milijevic\Desktop\github udd\udd)
No active profile set, falling back to default profiles: default
Multiple Spring Data modules found, entering strict repository configuration mode!
Bootstrapping Spring Data Elasticsearch repositories in DEFAULT mode.
Finished Spring Data repository scanning in 3 ms. Found 0 Elasticsearch repository interfaces.
Multiple Spring Data modules found, entering strict repository configuration mode!
Bootstrapping Spring Data Elasticsearch repositories in DEFAULT mode.
Spring Data Elasticsearch - Could not safely identify store assignment for repository candidate interface com.udd.repository.EducationRepository. If you want this repository to be a Elasticsearch repository, consider annotating your entities with one of these annotations: org.springframework.data.elasticsearch.annotations.Document (preferred), or consider extending one of the following types with your repository: org.springframework.data.elasticsearch.repository.ElasticsearchRepository, org.springframework.data.elasticsearch.repository.ElasticsearchRepository.
Finished Spring Data repository scanning in 38 ms. Found 1 Elasticsearch repository interfaces.
Multiple Spring Data modules found, entering strict repository configuration mode!
Bootstrapping Spring Data Reactive Elasticsearch repositories in DEFAULT mode.
Spring Data Reactive Elasticsearch - Could not safely identify store assignment for repository candidate interface com.udd.repository.EducationRepository. If you want this repository to be a Reactive Elasticsearch repository, consider annotating your entities with one of these annotations: org.springframework.data.elasticsearch.annotations.Document (preferred), or consider extending one of the following types with your repository: org.springframework.data.elasticsearch.repository.ReactiveElasticsearchRepository.
Finished Spring Data repository scanning in 5 ms. Found 0 Reactive Elasticsearch repository interfaces.
Multiple Spring Data modules found, entering strict repository configuration mode!
Bootstrapping Spring Data JPA repositories in DEFAULT mode.
Spring Data JPA - Could not safely identify store assignment for repository candidate interface com.udd.repository.AplicationRepository. If you want this repository to be a JPA repository, consider annotating your entities with one of these annotations: javax.persistence.Entity, javax.persistence.MappedSuperclass (preferred), or consider extending one of the following types with your repository: org.springframework.data.jpa.repository.JpaRepository.
Finished Spring Data repository scanning in 10 ms. Found 1 JPA repository interfaces.
Tomcat initialized with port(s): 8080 (http)
Initializing ProtocolHandler ["http-nio-8080"]
Starting service [Tomcat]
Starting Servlet engine: [Apache Tomcat/9.0.55]
Initializing Spring embedded WebApplicationContext
Root WebApplicationContext: initialization completed in 1105 ms
HHH000204: Processing PersistenceUnitInfo [name: default]
HHH000412: Hibernate ORM core version 5.6.1.Final
HCANN000001: Hibernate Commons Annotations {5.1.2.Final}
HikariPool-1 - Starting...
HikariPool-1 - Start completed.
HHH000400: Using dialect: org.hibernate.dialect.PostgreSQL95Dialect
HHH000490: Using JtaPlatform implementation: [org.hibernate.engine.transaction.jta.platform.internal.NoJtaPlatform]
Initialized JPA EntityManagerFactory for persistence unit 'default'
spring.jpa.open-in-view is enabled by default. Therefore, database queries may be performed during view rendering. Explicitly configure spring.jpa.open-in-view to disable this warning
Adding welcome page: class path resource [static/index.html]
Starting ProtocolHandler ["http-nio-8080"]
Tomcat started on port(s): 8080 (http) with context path ''
Started TestApplication in 3.46 seconds (JVM running for 3.814)
Initializing Spring DispatcherServlet 'dispatcherServlet'
Initializing Servlet 'dispatcherServlet'
Completed initialization in 1 ms
OpenType Layout tables used in font ABCDEE+Calibri are not implemented in PDFBox and will be ignored
OpenType Layout tables used in font Times New Roman are not implemented in PDFBox and will be ignored
OpenType Layout tables used in font Times New Roman,Italic are not implemented in PDFBox and will be ignored
OpenType Layout tables used in font Times New Roman,Bold are not implemented in PDFBox and will be ignored
OpenType Layout tables used in font ABCDEE+Consolas are not implemented in PDFBox and will be ignored
OpenType Layout tables used in font ABCDEE+Malgun Gothic are not implemented in PDFBox and will be ignored
JOpencage request url 'http://api.opencagedata.com/geocode/v1/json?q=Beograd%2C+Srbija&key=925c9f60dd9b42088219fe26476d8746'
Simple search - search hits
Simple search - search hits
No Unicode mapping for a75 (75) in font F18
No Unicode mapping for a111 (111) in font F18
No Unicode mapping for a110 (110) in font F18
No Unicode mapping for a99 (99) in font F18
No Unicode mapping for a101 (101) in font F18
No Unicode mapping for a112 (112) in font F18
No Unicode mapping for a116 (116) in font F18
No Unicode mapping for a73 (73) in font F18
No Unicode mapping for a100 (100) in font F18
No Unicode mapping for a107 (107) in font F18
No Unicode mapping for a115 (115) in font F18
No Unicode mapping for a85 (85) in font F18
No Unicode mapping for a105 (105) in font F18
No Unicode mapping for a65 (65) in font F18
No Unicode mapping for a97 (97) in font F18
No Unicode mapping for a108 (108) in font F18
No Unicode mapping for a122 (122) in font F18
No Unicode mapping for a82 (82) in font F18
No Unicode mapping for a117 (117) in font F18
No Unicode mapping for a65 (65) in font F19
No Unicode mapping for a112 (112) in font F19
No Unicode mapping for a97 (97) in font F19
No Unicode mapping for a99 (99) in font F19
No Unicode mapping for a104 (104) in font F19
No Unicode mapping for a101 (101) in font F19
No Unicode mapping for a76 (76) in font F19
No Unicode mapping for a117 (117) in font F19
No Unicode mapping for a110 (110) in font F19
No Unicode mapping for a98 (98) in font F19
No Unicode mapping for a105 (105) in font F19
No Unicode mapping for a108 (108) in font F19
No Unicode mapping for a111 (111) in font F19
No Unicode mapping for a116 (116) in font F19
No Unicode mapping for a107 (107) in font F19
No Unicode mapping for a68 (68) in font F17
No Unicode mapping for a114 (114) in font F17
No Unicode mapping for a97 (97) in font F17
No Unicode mapping for a103 (103) in font F17
No Unicode mapping for a110 (110) in font F17
No Unicode mapping for a73 (73) in font F17
No Unicode mapping for a118 (118) in font F17
No Unicode mapping for a111 (111) in font F17
No Unicode mapping for a105 (105) in font F17
No Unicode mapping for a162 (162) in font F17
No Unicode mapping for a100 (100) in font F17
No Unicode mapping for a46 (46) in font F17
No Unicode mapping for a99 (99) in font F17
No Unicode mapping for a64 (64) in font F17
No Unicode mapping for a117 (117) in font F17
No Unicode mapping for a115 (115) in font F17
No Unicode mapping for a75 (75) in font F20
No Unicode mapping for a97 (97) in font F20
No Unicode mapping for a116 (116) in font F20
No Unicode mapping for a101 (101) in font F20
No Unicode mapping for a100 (100) in font F20
No Unicode mapping for a114 (114) in font F20
No Unicode mapping for a122 (122) in font F20
No Unicode mapping for a105 (105) in font F20
No Unicode mapping for a110 (110) in font F20
No Unicode mapping for a102 (102) in font F20
No Unicode mapping for a111 (111) in font F20
No Unicode mapping for a109 (109) in font F20
No Unicode mapping for a107 (107) in font F20
No Unicode mapping for a117 (117) in font F20
No Unicode mapping for a44 (44) in font F20
No Unicode mapping for a70 (70) in font F20
No Unicode mapping for a108 (108) in font F20
No Unicode mapping for a104 (104) in font F20
No Unicode mapping for a163 (163) in font F20
No Unicode mapping for a78 (78) in font F20
No Unicode mapping for a118 (118) in font F20
No Unicode mapping for a83 (83) in font F20
No Unicode mapping for a50 (50) in font F17
No Unicode mapping for a48 (48) in font F17
No Unicode mapping for a49 (49) in font F17
No Unicode mapping for a53 (53) in font F17
No Unicode mapping for a68 (68) in font F18
No Unicode mapping for a114 (114) in font F18
No Unicode mapping for a103 (103) in font F18
No Unicode mapping for a118 (118) in font F18
No Unicode mapping for a162 (162) in font F18
No Unicode mapping for a44 (44) in font F18
No Unicode mapping for a46 (46) in font F18
No Unicode mapping for a64 (64) in font F18
No Unicode mapping for a104 (104) in font F18
No Unicode mapping for a76 (76) in font F18
No Unicode mapping for a98 (98) in font F18
No Unicode mapping for a49 (49) in font F18
No Unicode mapping for a47 (47) in font F18
No Unicode mapping for a50 (50) in font F18
No Unicode mapping for a56 (56) in font F18
No Unicode mapping for a146 (146) in font F19
No Unicode mapping for a106 (106) in font F19
No Unicode mapping for a66 (66) in font F17
No Unicode mapping for a98 (98) in font F17
No Unicode mapping for a108 (108) in font F17
No Unicode mapping for a116 (116) in font F17
No Unicode mapping for a101 (101) in font F17
No Unicode mapping for a107 (107) in font F17
No Unicode mapping for a122 (122) in font F17
No Unicode mapping for a102 (102) in font F17
No Unicode mapping for a45 (45) in font F17
No Unicode mapping for a120 (120) in font F17
No Unicode mapping for a112 (112) in font F17
No Unicode mapping for a186 (186) in font F17
No Unicode mapping for a106 (106) in font F17
No Unicode mapping for a86 (86) in font F17
No Unicode mapping for a109 (109) in font F17
No Unicode mapping for a44 (44) in font F17
No Unicode mapping for a70 (70) in font F17
No Unicode mapping for a37 (37) in font F17
No Unicode mapping for a74 (74) in font F17
No Unicode mapping for a28 (28) in font F17
No Unicode mapping for a104 (104) in font F17
No Unicode mapping for a78 (78) in font F17
No Unicode mapping for a40 (40) in font F17
No Unicode mapping for a119 (119) in font F17
No Unicode mapping for a47 (47) in font F17
No Unicode mapping for a41 (41) in font F17
No Unicode mapping for a75 (75) in font F17
No Unicode mapping for a58 (58) in font F17
No Unicode mapping for a87 (87) in font F17
No Unicode mapping for a178 (178) in font F17
No Unicode mapping for a33 (33) in font F17
No Unicode mapping for a83 (83) in font F17
No Unicode mapping for a84 (84) in font F17
No Unicode mapping for a65 (65) in font F17
No Unicode mapping for a69 (69) in font F17
No Unicode mapping for a82 (82) in font F17
No Unicode mapping for a79 (79) in font F17
No Unicode mapping for a71 (71) in font F17
No Unicode mapping for a72 (72) in font F17
No Unicode mapping for a76 (76) in font F22
No Unicode mapping for a117 (117) in font F22
No Unicode mapping for a99 (99) in font F22
No Unicode mapping for a101 (101) in font F22
No Unicode mapping for a110 (110) in font F22
No Unicode mapping for a73 (73) in font F22
No Unicode mapping for a65 (65) in font F22
No Unicode mapping for a116 (116) in font F22
No Unicode mapping for a105 (105) in font F22
No Unicode mapping for a111 (111) in font F22
No Unicode mapping for a44 (44) in font F22
No Unicode mapping for a83 (83) in font F22
No Unicode mapping for a100 (100) in font F22
No Unicode mapping for a77 (77) in font F17
No Unicode mapping for a100 (100) in font F19
No Unicode mapping for a109 (109) in font F19
No Unicode mapping for a76 (76) in font F17
No Unicode mapping for a80 (80) in font F17
No Unicode mapping for a51 (51) in font F18
No Unicode mapping for a115 (115) in font F19
No Unicode mapping for a163 (163) in font F17
No Unicode mapping for a73 (73) in font F23
No Unicode mapping for a110 (110) in font F23
No Unicode mapping for a100 (100) in font F23
No Unicode mapping for a101 (101) in font F23
No Unicode mapping for a120 (120) in font F23
No Unicode mapping for a58 (58) in font F23
No Unicode mapping for a111 (111) in font F23
No Unicode mapping for a98 (98) in font F23
No Unicode mapping for a97 (97) in font F23
No Unicode mapping for a118 (118) in font F23
No Unicode mapping for a122 (122) in font F23
No Unicode mapping for a112 (112) in font F23
No Unicode mapping for a114 (114) in font F23
No Unicode mapping for a116 (116) in font F23
No Unicode mapping for a103 (103) in font F23
No Unicode mapping for a117 (117) in font F23
No Unicode mapping for a105 (105) in font F23
No Unicode mapping for a115 (115) in font F23
No Unicode mapping for a106 (106) in font F23
No Unicode mapping for a84 (84) in font F23
No Unicode mapping for a107 (107) in font F23
No Unicode mapping for a108 (108) in font F23
No Unicode mapping for a44 (44) in font F23
No Unicode mapping for a83 (83) in font F23
No Unicode mapping for a163 (163) in font F23
No Unicode mapping for a186 (186) in font F23
No Unicode mapping for a109 (109) in font F23
No Unicode mapping for a86 (86) in font F23
No Unicode mapping for a99 (99) in font F23
No Unicode mapping for a52 (52) in font F18
No Unicode mapping for a86 (86) in font F19
No Unicode mapping for a114 (114) in font F19
No Unicode mapping for a158 (158) in font F17
No Unicode mapping for a53 (53) in font F18
No Unicode mapping for a73 (73) in font F19
No Unicode mapping for a73 (73) in font F24
No Unicode mapping for a110 (110) in font F24
No Unicode mapping for a100 (100) in font F24
No Unicode mapping for a101 (101) in font F24
No Unicode mapping for a120 (120) in font F24
No Unicode mapping for a87 (87) in font F24
No Unicode mapping for a114 (114) in font F24
No Unicode mapping for a105 (105) in font F24
No Unicode mapping for a116 (116) in font F24
No Unicode mapping for a119 (119) in font F24
No Unicode mapping for a61 (61) in font F24
No Unicode mapping for a40 (40) in font F24
No Unicode mapping for a99 (99) in font F24
No Unicode mapping for a111 (111) in font F24
No Unicode mapping for a121 (121) in font F24
No Unicode mapping for a44 (44) in font F24
No Unicode mapping for a67 (67) in font F24
No Unicode mapping for a102 (102) in font F24
No Unicode mapping for a103 (103) in font F24
No Unicode mapping for a41 (41) in font F24
No Unicode mapping for a59 (59) in font F24
No Unicode mapping for a68 (68) in font F24
No Unicode mapping for a117 (117) in font F24
No Unicode mapping for a109 (109) in font F24
No Unicode mapping for a46 (46) in font F24
No Unicode mapping for a97 (97) in font F24
No Unicode mapping for a84 (84) in font F24
No Unicode mapping for a70 (70) in font F24
No Unicode mapping for a108 (108) in font F24
No Unicode mapping for a34 (34) in font F24
No Unicode mapping for a104 (104) in font F24
No Unicode mapping for a65 (65) in font F24
No Unicode mapping for a115 (115) in font F24
No Unicode mapping for a89 (89) in font F24
No Unicode mapping for a83 (83) in font F24
No Unicode mapping for a69 (69) in font F24
No Unicode mapping for a77 (77) in font F24
No Unicode mapping for a98 (98) in font F24
No Unicode mapping for a66 (66) in font F24
No Unicode mapping for a47 (47) in font F24
No Unicode mapping for a54 (54) in font F18
No Unicode mapping for a75 (75) in font F19
No Unicode mapping for a90 (90) in font F17
No Unicode mapping for a46 (46) in font F23
No Unicode mapping for a104 (104) in font F23
No Unicode mapping for a76 (76) in font F23
No Unicode mapping for a65 (65) in font F23
No Unicode mapping for a80 (80) in font F23
No Unicode mapping for a45 (45) in font F23
No Unicode mapping for a55 (55) in font F18
No Unicode mapping for a120 (120) in font F19
No Unicode mapping for a87 (87) in font F19
No Unicode mapping for a118 (118) in font F19
No Unicode mapping for a81 (81) in font F17
No Unicode mapping for a121 (121) in font F17
No Unicode mapping for a113 (113) in font F17
No Unicode mapping for a29 (29) in font F17
No Unicode mapping for a80 (80) in font F19
No Unicode mapping for a186 (186) in font F19
No Unicode mapping for a85 (85) in font F17
No Unicode mapping for a162 (162) in font F23
No Unicode mapping for a40 (40) in font F23
No Unicode mapping for a178 (178) in font F23
No Unicode mapping for a41 (41) in font F23
No Unicode mapping for a57 (57) in font F18
No Unicode mapping for a82 (82) in font F24
No Unicode mapping for a112 (112) in font F24
No Unicode mapping for a81 (81) in font F24
No Unicode mapping for a80 (80) in font F24
No Unicode mapping for a122 (122) in font F24
No Unicode mapping for a113 (113) in font F24
No Unicode mapping for a58 (58) in font F24
No Unicode mapping for a91 (91) in font F24
No Unicode mapping for a93 (93) in font F24
No Unicode mapping for a43 (43) in font F24
No Unicode mapping for a48 (48) in font F24
No Unicode mapping for a48 (48) in font F18
No Unicode mapping for a85 (85) in font F19
No Unicode mapping for a122 (122) in font F19
No Unicode mapping for a116 (116) in font F25
No Unicode mapping for a101 (101) in font F25
No Unicode mapping for a115 (115) in font F25
No Unicode mapping for a104 (104) in font F25
No Unicode mapping for a108 (108) in font F25
No Unicode mapping for a111 (111) in font F25
No Unicode mapping for a34 (34) in font F25
No Unicode mapping for a100 (100) in font F25
No Unicode mapping for a121 (121) in font F25
No Unicode mapping for a59 (59) in font F17
No Unicode mapping for a105 (105) in font F25
No Unicode mapping for a58 (58) in font F25
No Unicode mapping for a98 (98) in font F25
No Unicode mapping for a117 (117) in font F25
No Unicode mapping for a97 (97) in font F25
No Unicode mapping for a114 (114) in font F25
No Unicode mapping for a89 (89) in font F25
No Unicode mapping for a110 (110) in font F25
No Unicode mapping for a103 (103) in font F25
No Unicode mapping for a102 (102) in font F22
No Unicode mapping for a97 (97) in font F22
No Unicode mapping for a108 (108) in font F22
No Unicode mapping for a97 (97) in font F26
No Unicode mapping for a110 (110) in font F26
No Unicode mapping for a100 (100) in font F26
No Unicode mapping for a66 (66) in font F25
No Unicode mapping for a77 (77) in font F19
No Unicode mapping for a28 (28) in font F19
No Unicode mapping for a116 (116) in font F27
No Unicode mapping for a101 (101) in font F27
No Unicode mapping for a63 (63) in font F27
No Unicode mapping for a21 (21) in font F23
No Unicode mapping for a115 (115) in font F27
No Unicode mapping for a42 (42) in font F27
No Unicode mapping for a33 (33) in font F23
No Unicode mapping for a114 (114) in font F27
No Unicode mapping for a111 (111) in font F27
No Unicode mapping for a97 (97) in font F27
No Unicode mapping for a109 (109) in font F27
No Unicode mapping for a102 (102) in font F27
No Unicode mapping for a50 (50) in font F27
No Unicode mapping for a48 (48) in font F23
No Unicode mapping for a50 (50) in font F23
No Unicode mapping for a34 (34) in font F27
No Unicode mapping for a106 (106) in font F27
No Unicode mapping for a107 (107) in font F27
No Unicode mapping for a112 (112) in font F27
No Unicode mapping for a99 (99) in font F27
No Unicode mapping for a104 (104) in font F27
No Unicode mapping for a49 (49) in font F27
No Unicode mapping for a48 (48) in font F27
No Unicode mapping for a158 (158) in font F23
No Unicode mapping for a49 (49) in font F23
No Unicode mapping for a100 (100) in font F27
No Unicode mapping for a68 (68) in font F27
No Unicode mapping for a58 (58) in font F27
No Unicode mapping for a84 (84) in font F27
No Unicode mapping for a79 (79) in font F27
No Unicode mapping for a51 (51) in font F27
No Unicode mapping for a105 (105) in font F27
No Unicode mapping for a108 (108) in font F27
No Unicode mapping for a65 (65) in font F27
No Unicode mapping for a67 (67) in font F27
No Unicode mapping for a110 (110) in font F27
No Unicode mapping for a102 (102) in font F23
No Unicode mapping for a52 (52) in font F27
No Unicode mapping for a103 (103) in font F19
No Unicode mapping for a163 (163) in font F19
No Unicode mapping for a111 (111) in font F26
No Unicode mapping for a114 (114) in font F26
No Unicode mapping for a116 (116) in font F26
No Unicode mapping for a43 (43) in font F26
No Unicode mapping for a45 (45) in font F26
No Unicode mapping for a111 (111) in font F43
No Unicode mapping for a114 (114) in font F43
No Unicode mapping for a38 (38) in font F26
No Unicode mapping for a97 (97) in font F43
No Unicode mapping for a110 (110) in font F43
No Unicode mapping for a100 (100) in font F43
No Unicode mapping for a43 (43) in font F27
No Unicode mapping for a117 (117) in font F27
No Unicode mapping for a116 (116) in font F43
No Unicode mapping for a45 (45) in font F43
No Unicode mapping for a71 (71) in font F19
No Unicode mapping for a40 (40) in font F27
No Unicode mapping for a41 (41) in font F27
No Unicode mapping for a119 (119) in font F27
No Unicode mapping for a98 (98) in font F27
No Unicode mapping for a84 (84) in font F19
No Unicode mapping for a67 (67) in font F17
No Unicode mapping for a21 (21) in font F17
No Unicode mapping for a119 (119) in font F23
No Unicode mapping for a67 (67) in font F23
No Unicode mapping for a70 (70) in font F23
No Unicode mapping for a63 (63) in font F17
No Unicode mapping for a83 (83) in font F19
No Unicode mapping for a121 (121) in font F19
No Unicode mapping for a118 (118) in font F27
No Unicode mapping for a162 (162) in font F27
No Unicode mapping for a163 (163) in font F27
No Unicode mapping for a82 (82) in font F19
No Unicode mapping for a66 (66) in font F23
No Unicode mapping for a121 (121) in font F23
No Unicode mapping for summationdisplay (88) in font YQJSDJ+CMEX10
No Unicode mapping for a121 (121) in font F22
No Unicode mapping for a122 (122) in font F22
No Unicode mapping for a114 (114) in font F22
No Unicode mapping for a70 (70) in font F22
No Unicode mapping for a67 (67) in font F22
No Unicode mapping for a115 (115) in font F22
No Unicode mapping for a68 (68) in font F23
No Unicode mapping for a99 (99) in font F64
No Unicode mapping for a108 (108) in font F64
No Unicode mapping for a105 (105) in font F64
No Unicode mapping for a112 (112) in font F64
No Unicode mapping for a98 (98) in font F64
No Unicode mapping for a111 (111) in font F64
No Unicode mapping for a97 (97) in font F64
No Unicode mapping for a114 (114) in font F64
No Unicode mapping for a100 (100) in font F64
No Unicode mapping for a65 (65) in font F64
No Unicode mapping for a110 (110) in font F64
No Unicode mapping for a121 (121) in font F64
No Unicode mapping for a122 (122) in font F64
No Unicode mapping for a101 (101) in font F64
No Unicode mapping for a79 (79) in font F23
No Unicode mapping for a112 (112) in font F22
No Unicode mapping for a88 (88) in font F17
No Unicode mapping for a72 (72) in font F64
No Unicode mapping for a103 (103) in font F64
No Unicode mapping for a104 (104) in font F64
No Unicode mapping for a116 (116) in font F64
No Unicode mapping for a82 (82) in font F64
No Unicode mapping for a87 (87) in font F23
No Unicode mapping for a69 (69) in font F19
No Unicode mapping for a78 (78) in font F19
No Unicode mapping for a119 (119) in font F22
No Unicode mapping for a104 (104) in font F22
No Unicode mapping for a71 (71) in font F22
No Unicode mapping for a109 (109) in font F22
No Unicode mapping for a107 (107) in font F22
No Unicode mapping for a84 (84) in font F22
No Unicode mapping for a69 (69) in font F22
No Unicode mapping for a72 (72) in font F22
No Unicode mapping for a45 (45) in font F19
No Unicode mapping for a119 (119) in font F19
No Unicode mapping for a98 (98) in font F22
JOpencage request url 'http://api.opencagedata.com/geocode/v1/json?q=Ruma%2C+Srbija&key=925c9f60dd9b42088219fe26476d8746'
Simple search - search hits
OpenType Layout tables used in font ABCDEE+Calibri are not implemented in PDFBox and will be ignored
JOpencage request url 'http://api.opencagedata.com/geocode/v1/json?q=Beograd%2C+Srbija&key=925c9f60dd9b42088219fe26476d8746'
Simple search - search hits
Simple search - search hits
Simple search - search hits
Simple search - search hits
JOpencage request url 'http://api.opencagedata.com/geocode/v1/json?q=Beograd%2C+Srbija&key=925c9f60dd9b42088219fe26476d8746'
Geo search - search hits
JOpencage request url 'http://api.opencagedata.com/geocode/v1/json?q=Beograd%2C+Srbija&key=925c9f60dd9b42088219fe26476d8746'
Geo search - search hits
